Using pre-set license
Built from '2020.2/release' branch; Version is '2020.2.1f1 (270dd8c3da1c) revision 2559448'; Using compiler version '192528614'; Build Type 'Release'
OS: 'Windows 10  (10.0.0) 64bit' Language: 'ru' Physical Memory: 8156 MB
BatchMode: 1, IsHumanControllingUs: 0, StartBugReporterOnCrash: 0, Is64bit: 1, IsPro: 0

 COMMAND LINE ARGUMENTS:
C:\Program Files\Unity\Hub\Editor\2020.2.1f1\Editor\Unity.exe
-adb2
-batchMode
-noUpm
-name
AssetImportWorker2
-projectPath
G:/YandexDisk/Обучение/GeekBrain/Практика Unity/VH/VanHelsing
-logFile
Logs/AssetImportWorker2.log
-srvPort
56061
Successfully changed project path to: G:/YandexDisk/Обучение/GeekBrain/Практика Unity/VH/VanHelsing
G:/YandexDisk/Обучение/GeekBrain/Практика Unity/VH/VanHelsing
Using Asset Import Pipeline V2.
Refreshing native plugins compatible for Editor in 265.76 ms, found 3 plugins.
Preloading 1 native plugins for Editor in 0.87 ms.
Initialize engine version: 2020.2.1f1 (270dd8c3da1c)
[Subsystems] Discovering subsystems at path C:/Program Files/Unity/Hub/Editor/2020.2.1f1/Editor/Data/Resources/UnitySubsystems
[Subsystems] Discovering subsystems at path G:/YandexDisk/Обучение/GeekBrain/Практика Unity/VH/VanHelsing/Assets
GfxDevice: creating device client; threaded=0
Direct3D:
    Version:  Direct3D 11.0 [level 11.1]
    Renderer: NVIDIA GeForce GTX 960 (ID=0x1401)
    Vendor:   
    VRAM:     4053 MB
    Driver:   27.21.14.5671
Initialize mono
Mono path[0] = 'C:/Program Files/Unity/Hub/Editor/2020.2.1f1/Editor/Data/Managed'
Mono path[1] = 'C:/Program Files/Unity/Hub/Editor/2020.2.1f1/Editor/Data/MonoBleedingEdge/lib/mono/unityjit'
Mono config path = 'C:/Program Files/Unity/Hub/Editor/2020.2.1f1/Editor/Data/MonoBleedingEdge/etc'
Using monoOptions --debugger-agent=transport=dt_socket,embedding=1,server=y,suspend=n,address=127.0.0.1:56452
Begin MonoManager ReloadAssembly
Registering precompiled unity dll's ...
Register platform support module: C:/Program Files/Unity/Hub/Editor/2020.2.1f1/Editor/Data/PlaybackEngines/WindowsStandaloneSupport/UnityEditor.WindowsStandalone.Extensions.dll
Registered in 0.002639 seconds.
Native extension for WindowsStandalone target not found
Refreshing native plugins compatible for Editor in 290.45 ms, found 3 plugins.
Preloading 1 native plugins for Editor in 0.14 ms.
Invoked RoslynAnalysisRunner static constructor.
RoslynAnalysisRunner will not be running.
RoslynAnalysisRunner has terminated.
Mono: successfully reloaded assembly
- Completed reload, in  2.511 seconds
Platform modules already initialized, skipping
Registering precompiled user dll's ...
Registered in 0.012297 seconds.
Begin MonoManager ReloadAssembly
Native extension for WindowsStandalone target not found
Refreshing native plugins compatible for Editor in 3.16 ms, found 3 plugins.
Preloading 1 native plugins for Editor in 0.07 ms.
Invoked RoslynAnalysisRunner static constructor.
RoslynAnalysisRunner will not be running.
RoslynAnalysisRunner has terminated.
Mono: successfully reloaded assembly
- Completed reload, in  8.390 seconds
Platform modules already initialized, skipping
========================================================================
Worker process is ready to serve import requests
Launched and connected shader compiler UnityShaderCompiler.exe after 0.34 seconds
Refreshing native plugins compatible for Editor in 3.82 ms, found 3 plugins.
Preloading 1 native plugins for Editor in 0.09 ms.
Unloading 3042 Unused Serialized files (Serialized files now loaded: 0)
System memory in use before: 143.4 MB.
System memory in use after: 143.6 MB.

Unloading 46 unused Assets to reduce memory usage. Loaded Objects now: 3509.
Total: 3.709800 ms (FindLiveObjects: 0.586600 ms CreateObjectMapping: 0.215700 ms MarkObjects: 2.658800 ms  DeleteObjects: 0.246100 ms)

========================================================================
Received Import Request.
  path: Assets/New Terrain 2.asset
  artifactKey: Guid(f3a09b76aaac20647b2ec4354579cbff) Importer(815301076,1909f56bfc062723c751e8b465ee728b)
Start importing Assets/New Terrain 2.asset using Guid(f3a09b76aaac20647b2ec4354579cbff) Importer(815301076,1909f56bfc062723c751e8b465ee728b)  -> (artifact id: '3e51ffc057db510d73485f522e913e39') in 0.982677 seconds
  Import took 0.994722 seconds .

========================================================================
Received Import Request.
  Time since last request: 0.000471 seconds.
  path: Assets/NewLayer.terrainlayer
  artifactKey: Guid(3a29e1df1caa9174586038ce74c94964) Importer(815301076,1909f56bfc062723c751e8b465ee728b)
Start importing Assets/NewLayer.terrainlayer using Guid(3a29e1df1caa9174586038ce74c94964) Importer(815301076,1909f56bfc062723c751e8b465ee728b)  -> (artifact id: '498f8f40012362baf664e590f20fe6b1') in 0.139090 seconds
  Import took 0.147601 seconds .

========================================================================
Received Import Request.
  Time since last request: 0.000487 seconds.
  path: Assets/New Terrain.asset
  artifactKey: Guid(79cc661ec1145724e8b4aa4c23ec9996) Importer(815301076,1909f56bfc062723c751e8b465ee728b)
Start importing Assets/New Terrain.asset using Guid(79cc661ec1145724e8b4aa4c23ec9996) Importer(815301076,1909f56bfc062723c751e8b465ee728b) The tree Tree9_Leaf must use the Nature/Soft Occlusion shader. Otherwise billboarding/lighting will not work correctly.

 -> (artifact id: '9a5753e6f7169ee693755bba592d18b2') in 2.948123 seconds
  Import took 2.960543 seconds .

========================================================================
Received Import Request.
  Time since last request: 0.000485 seconds.
  path: Assets/New Terrain 1.asset
  artifactKey: Guid(e2fd0a22f4551b64a8d5cd82c65fb189) Importer(815301076,1909f56bfc062723c751e8b465ee728b)
Start importing Assets/New Terrain 1.asset using Guid(e2fd0a22f4551b64a8d5cd82c65fb189) Importer(815301076,1909f56bfc062723c751e8b465ee728b)  -> (artifact id: 'd2d59eef109640997a9cfe179171d7fd') in 0.831046 seconds
  Import took 0.845182 seconds .

========================================================================
Received Import Request.
  Time since last request: 0.000531 seconds.
  path: Assets/umotion_ik_preset.asset
  artifactKey: Guid(ec280c4a914bd7e40b16d709506e1eb3) Importer(815301076,1909f56bfc062723c751e8b465ee728b)
Start importing Assets/umotion_ik_preset.asset using Guid(ec280c4a914bd7e40b16d709506e1eb3) Importer(815301076,1909f56bfc062723c751e8b465ee728b)  -> (artifact id: '134cb66940d7ebbd5398c7fa621e4149') in 0.024041 seconds
  Import took 0.033713 seconds .

========================================================================
Received Prepare
Registering precompiled user dll's ...
Registered in 0.016658 seconds.
Begin MonoManager ReloadAssembly
Native extension for WindowsStandalone target not found
Refreshing native plugins compatible for Editor in 2.87 ms, found 3 plugins.
Preloading 1 native plugins for Editor in 0.07 ms.
Invoked RoslynAnalysisRunner static constructor.
RoslynAnalysisRunner will not be running.
RoslynAnalysisRunner has terminated.
Mono: successfully reloaded assembly
- Completed reload, in  2.550 seconds
Platform modules already initialized, skipping
Refreshing native plugins compatible for Editor in 3.53 ms, found 3 plugins.
Preloading 1 native plugins for Editor in 0.08 ms.
Unloading 2971 Unused Serialized files (Serialized files now loaded: 0)
System memory in use before: 142.3 MB.
System memory in use after: 142.1 MB.

Unloading 39 unused Assets to reduce memory usage. Loaded Objects now: 3519.
Total: 4.188200 ms (FindLiveObjects: 0.336000 ms CreateObjectMapping: 0.121800 ms MarkObjects: 2.932800 ms  DeleteObjects: 0.795000 ms)

========================================================================
Received Prepare
Registering precompiled user dll's ...
Registered in 0.016581 seconds.
Begin MonoManager ReloadAssembly
Native extension for WindowsStandalone target not found
Refreshing native plugins compatible for Editor in 3.23 ms, found 3 plugins.
Preloading 1 native plugins for Editor in 0.09 ms.
Invoked RoslynAnalysisRunner static constructor.
RoslynAnalysisRunner will not be running.
RoslynAnalysisRunner has terminated.
Mono: successfully reloaded assembly
- Completed reload, in  3.286 seconds
Platform modules already initialized, skipping
Refreshing native plugins compatible for Editor in 4.77 ms, found 3 plugins.
Preloading 1 native plugins for Editor in 0.09 ms.
Unloading 2971 Unused Serialized files (Serialized files now loaded: 0)
System memory in use before: 142.9 MB.
System memory in use after: 143.1 MB.

Unloading 37 unused Assets to reduce memory usage. Loaded Objects now: 3521.
Total: 4.309700 ms (FindLiveObjects: 0.441400 ms CreateObjectMapping: 0.155900 ms MarkObjects: 3.674700 ms  DeleteObjects: 0.035700 ms)

========================================================================
Received Import Request.
  Time since last request: 6700.225793 seconds.
  path: Assets/Scripts/UI
  artifactKey: Guid(24b2beecf70a0954c9d09adf74b55389) Importer(815301076,1909f56bfc062723c751e8b465ee728b)
Start importing Assets/Scripts/UI using Guid(24b2beecf70a0954c9d09adf74b55389) Importer(815301076,1909f56bfc062723c751e8b465ee728b)  -> (artifact id: 'f11d55adfc0050ce7112fd48478da192') in 0.368448 seconds
  Import took 0.738218 seconds .

========================================================================
Received Import Request.
  Time since last request: 1.110215 seconds.
  path: Assets/Scripts/UI/TimeSkip.cs
  artifactKey: Guid(2174e9d62e1a56d4b81b752665b31398) Importer(815301076,1909f56bfc062723c751e8b465ee728b)
Start importing Assets/Scripts/UI/TimeSkip.cs using Guid(2174e9d62e1a56d4b81b752665b31398) Importer(815301076,1909f56bfc062723c751e8b465ee728b)  -> (artifact id: '67ec86bad8146849ea88e86803f89bac') in 0.043403 seconds
  Import took 0.074367 seconds .

========================================================================
Received Import Request.
  Time since last request: 0.072026 seconds.
  path: Assets/Scripts/UI/TimeSkip.cs
  artifactKey: Guid(2174e9d62e1a56d4b81b752665b31398) Importer(815301076,1909f56bfc062723c751e8b465ee728b)
Start importing Assets/Scripts/UI/TimeSkip.cs using Guid(2174e9d62e1a56d4b81b752665b31398) Importer(815301076,1909f56bfc062723c751e8b465ee728b)  -> (artifact id: '67ec86bad8146849ea88e86803f89bac') in 0.004684 seconds
  Import took 0.019283 seconds .

========================================================================
Received Prepare
Registering precompiled user dll's ...
Registered in 0.014079 seconds.
Begin MonoManager ReloadAssembly
Native extension for WindowsStandalone target not found
Refreshing native plugins compatible for Editor in 3.73 ms, found 3 plugins.
Preloading 1 native plugins for Editor in 0.11 ms.
Invoked RoslynAnalysisRunner static constructor.
RoslynAnalysisRunner will not be running.
RoslynAnalysisRunner has terminated.
Mono: successfully reloaded assembly
- Completed reload, in  3.364 seconds
Platform modules already initialized, skipping
Refreshing native plugins compatible for Editor in 2.67 ms, found 3 plugins.
Preloading 1 native plugins for Editor in 0.07 ms.
Unloading 2971 Unused Serialized files (Serialized files now loaded: 0)
System memory in use before: 142.9 MB.
System memory in use after: 143.2 MB.

Unloading 37 unused Assets to reduce memory usage. Loaded Objects now: 3523.
Total: 3.482000 ms (FindLiveObjects: 0.395100 ms CreateObjectMapping: 0.125200 ms MarkObjects: 2.887600 ms  DeleteObjects: 0.071900 ms)

